/*C1*/SET SCHEMA SYSTEM_LOBS
INSERT INTO BLOCKS VALUES(0,2147483647,0)
COMMIT
/*C2*/SET SCHEMA PUBLIC
DISCONNECT
/*C3*/SET SCHEMA PUBLIC
CREATE SCHEMA VUELO AUTHORIZATION SA
create table Vuelo.IMAGES (ID varchar(255) not null, GALLERY varchar(255), IMAGE varbinary(16777216), primary key (ID))
create table Vuelo.OXDISCUSSIONCOMMENTS (id varchar(32) not null, comment clob(16777216), discussionId varchar(32), time timestamp, userName varchar(30), primary key (id))
create table Vuelo.TuPrimeraEntidad (id varchar(32) not null, descripcion varchar(50), fecha date, importe numeric(19,2), primary key (id))
create table Vuelo.Vuelo (origen varchar(12) not null, destino varchar(12), fecha date, hora varchar(4), primary key (origen))
create index Vuelo.IDXbhlx4vunn24ym1tbrlgq8g30m on Vuelo.OXDISCUSSIONCOMMENTS (discussionId)
SET SCHEMA VUELO
INSERT INTO VUELO VALUES('M\u00e9xico','Canc\u00fan ','2022-10-17','2:3')
COMMIT
DELETE FROM VUELO WHERE ORIGEN='M\u00e9xico'
COMMIT
INSERT INTO VUELO VALUES('mexico','cauncub','2022-10-17','1:2')
COMMIT
DELETE FROM VUELO WHERE ORIGEN='mexico'
COMMIT
